0 info it worked if it ends with ok
1 verbose cli [ '/home/travis/.nvm/v0.10.22/bin/node',
1 verbose cli   '/home/travis/.nvm/v0.10.22/bin/npm',
1 verbose cli   'install' ]
2 info using npm@1.3.14
3 info using node@v0.10.22
4 warn package.json MyProject@0.0.0 No description
5 warn package.json MyProject@0.0.0 No repository field.
6 warn package.json MyProject@0.0.0 No README data
7 verbose readDependencies using package.json deps
8 verbose install where, deps [ '/home/travis/build/mazerte/test-footguard',
8 verbose install   [ 'path',
8 verbose install     'grunt',
8 verbose install     'grunt-contrib-clean',
8 verbose install     'grunt-contrib-coffee',
8 verbose install     'grunt-contrib-compass',
8 verbose install     'grunt-contrib-less',
8 verbose install     'grunt-contrib-concat',
8 verbose install     'grunt-contrib-connect',
8 verbose install     'grunt-contrib-copy',
8 verbose install     'grunt-contrib-cssmin',
8 verbose install     'grunt-contrib-htmlmin',
8 verbose install     'grunt-contrib-imagemin',
8 verbose install     'grunt-contrib-uglify',
8 verbose install     'grunt-contrib-watch',
8 verbose install     'grunt-contrib-requirejs',
8 verbose install     'grunt-open',
8 verbose install     'grunt-usemin',
8 verbose install     'grunt-mocha',
8 verbose install     'connect-livereload' ] ]
9 info preinstall MyProject@0.0.0
10 verbose readDependencies using package.json deps
11 verbose cache add [ 'grunt-contrib-clean@~0.5.0', null ]
12 verbose cache add name=undefined spec="grunt-contrib-clean@~0.5.0" args=["grunt-contrib-clean@~0.5.0",null]
13 verbose parsed url { protocol: null,
13 verbose parsed url   slashes: null,
13 verbose parsed url   auth: null,
13 verbose parsed url   host: null,
13 verbose parsed url   port: null,
13 verbose parsed url   hostname: null,
13 verbose parsed url   hash: null,
13 verbose parsed url   search: null,
13 verbose parsed url   query: null,
13 verbose parsed url   pathname: 'grunt-contrib-clean@~0.5.0',
13 verbose parsed url   path: 'grunt-contrib-clean@~0.5.0',
13 verbose parsed url   href: 'grunt-contrib-clean@~0.5.0' }
14 verbose cache add name="grunt-contrib-clean" spec="~0.5.0" args=["grunt-contrib-clean","~0.5.0"]
15 verbose parsed url { protocol: null,
15 verbose parsed url   slashes: null,
15 verbose parsed url   auth: null,
15 verbose parsed url   host: null,
15 verbose parsed url   port: null,
15 verbose parsed url   hostname: null,
15 verbose parsed url   hash: null,
15 verbose parsed url   search: null,
15 verbose parsed url   query: null,
15 verbose parsed url   pathname: '~0.5.0',
15 verbose parsed url   path: '~0.5.0',
15 verbose parsed url   href: '~0.5.0' }
16 verbose addNamed [ 'grunt-contrib-clean', '~0.5.0' ]
17 verbose addNamed [ null, '>=0.5.0-0 <0.6.0-0' ]
18 verbose cache add [ 'path@~0.4.9', null ]
19 verbose cache add name=undefined spec="path@~0.4.9" args=["path@~0.4.9",null]
20 verbose parsed url { protocol: null,
20 verbose parsed url   slashes: null,
20 verbose parsed url   auth: null,
20 verbose parsed url   host: null,
20 verbose parsed url   port: null,
20 verbose parsed url   hostname: null,
20 verbose parsed url   hash: null,
20 verbose parsed url   search: null,
20 verbose parsed url   query: null,
20 verbose parsed url   pathname: 'path@~0.4.9',
20 verbose parsed url   path: 'path@~0.4.9',
20 verbose parsed url   href: 'path@~0.4.9' }
21 verbose cache add name="path" spec="~0.4.9" args=["path","~0.4.9"]
22 verbose parsed url { protocol: null,
22 verbose parsed url   slashes: null,
22 verbose parsed url   auth: null,
22 verbose parsed url   host: null,
22 verbose parsed url   port: null,
22 verbose parsed url   hostname: null,
22 verbose parsed url   hash: null,
22 verbose parsed url   search: null,
22 verbose parsed url   query: null,
22 verbose parsed url   pathname: '~0.4.9',
22 verbose parsed url   path: '~0.4.9',
22 verbose parsed url   href: '~0.4.9' }
23 verbose addNamed [ 'path', '~0.4.9' ]
24 verbose addNamed [ null, '>=0.4.9-0 <0.5.0-0' ]
25 verbose cache add [ 'grunt@~0.4.0', null ]
26 verbose cache add name=undefined spec="grunt@~0.4.0" args=["grunt@~0.4.0",null]
27 verbose parsed url { protocol: null,
27 verbose parsed url   slashes: null,
27 verbose parsed url   auth: null,
27 verbose parsed url   host: null,
27 verbose parsed url   port: null,
27 verbose parsed url   hostname: null,
27 verbose parsed url   hash: null,
27 verbose parsed url   search: null,
27 verbose parsed url   query: null,
27 verbose parsed url   pathname: 'grunt@~0.4.0',
27 verbose parsed url   path: 'grunt@~0.4.0',
27 verbose parsed url   href: 'grunt@~0.4.0' }
28 verbose cache add name="grunt" spec="~0.4.0" args=["grunt","~0.4.0"]
29 verbose parsed url { protocol: null,
29 verbose parsed url   slashes: null,
29 verbose parsed url   auth: null,
29 verbose parsed url   host: null,
29 verbose parsed url   port: null,
29 verbose parsed url   hostname: null,
29 verbose parsed url   hash: null,
29 verbose parsed url   search: null,
29 verbose parsed url   query: null,
29 verbose parsed url   pathname: '~0.4.0',
29 verbose parsed url   path: '~0.4.0',
29 verbose parsed url   href: '~0.4.0' }
30 verbose addNamed [ 'grunt', '~0.4.0' ]
31 verbose addNamed [ null, '>=0.4.0-0 <0.5.0-0' ]
32 silly lockFile 83f743bc-grunt-contrib-clean-0-5-0 grunt-contrib-clean@~0.5.0
33 verbose lock grunt-contrib-clean@~0.5.0 /home/travis/.npm/83f743bc-grunt-contrib-clean-0-5-0.lock
34 silly lockFile dcf59ca8-path-0-4-9 path@~0.4.9
35 verbose lock path@~0.4.9 /home/travis/.npm/dcf59ca8-path-0-4-9.lock
36 verbose cache add [ 'grunt-contrib-coffee@~0.7.0', null ]
37 verbose cache add name=undefined spec="grunt-contrib-coffee@~0.7.0" args=["grunt-contrib-coffee@~0.7.0",null]
38 verbose parsed url { protocol: null,
38 verbose parsed url   slashes: null,
38 verbose parsed url   auth: null,
38 verbose parsed url   host: null,
38 verbose parsed url   port: null,
38 verbose parsed url   hostname: null,
38 verbose parsed url   hash: null,
38 verbose parsed url   search: null,
38 verbose parsed url   query: null,
38 verbose parsed url   pathname: 'grunt-contrib-coffee@~0.7.0',
38 verbose parsed url   path: 'grunt-contrib-coffee@~0.7.0',
38 verbose parsed url   href: 'grunt-contrib-coffee@~0.7.0' }
39 verbose cache add name="grunt-contrib-coffee" spec="~0.7.0" args=["grunt-contrib-coffee","~0.7.0"]
40 verbose parsed url { protocol: null,
40 verbose parsed url   slashes: null,
40 verbose parsed url   auth: null,
40 verbose parsed url   host: null,
40 verbose parsed url   port: null,
40 verbose parsed url   hostname: null,
40 verbose parsed url   hash: null,
40 verbose parsed url   search: null,
40 verbose parsed url   query: null,
40 verbose parsed url   pathname: '~0.7.0',
40 verbose parsed url   path: '~0.7.0',
40 verbose parsed url   href: '~0.7.0' }
41 verbose addNamed [ 'grunt-contrib-coffee', '~0.7.0' ]
42 verbose addNamed [ null, '>=0.7.0-0 <0.8.0-0' ]
43 silly lockFile 2d9311bb-grunt-contrib-coffee-0-7-0 grunt-contrib-coffee@~0.7.0
44 verbose lock grunt-contrib-coffee@~0.7.0 /home/travis/.npm/2d9311bb-grunt-contrib-coffee-0-7-0.lock
45 verbose cache add [ 'grunt-contrib-compass@~0.7.0', null ]
46 verbose cache add name=undefined spec="grunt-contrib-compass@~0.7.0" args=["grunt-contrib-compass@~0.7.0",null]
47 verbose parsed url { protocol: null,
47 verbose parsed url   slashes: null,
47 verbose parsed url   auth: null,
47 verbose parsed url   host: null,
47 verbose parsed url   port: null,
47 verbose parsed url   hostname: null,
47 verbose parsed url   hash: null,
47 verbose parsed url   search: null,
47 verbose parsed url   query: null,
47 verbose parsed url   pathname: 'grunt-contrib-compass@~0.7.0',
47 verbose parsed url   path: 'grunt-contrib-compass@~0.7.0',
47 verbose parsed url   href: 'grunt-contrib-compass@~0.7.0' }
48 verbose cache add name="grunt-contrib-compass" spec="~0.7.0" args=["grunt-contrib-compass","~0.7.0"]
49 verbose parsed url { protocol: null,
49 verbose parsed url   slashes: null,
49 verbose parsed url   auth: null,
49 verbose parsed url   host: null,
49 verbose parsed url   port: null,
49 verbose parsed url   hostname: null,
49 verbose parsed url   hash: null,
49 verbose parsed url   search: null,
49 verbose parsed url   query: null,
49 verbose parsed url   pathname: '~0.7.0',
49 verbose parsed url   path: '~0.7.0',
49 verbose parsed url   href: '~0.7.0' }
50 verbose addNamed [ 'grunt-contrib-compass', '~0.7.0' ]
51 verbose addNamed [ null, '>=0.7.0-0 <0.8.0-0' ]
52 silly lockFile 089c3a2f-grunt-contrib-compass-0-7-0 grunt-contrib-compass@~0.7.0
53 verbose lock grunt-contrib-compass@~0.7.0 /home/travis/.npm/089c3a2f-grunt-contrib-compass-0-7-0.lock
54 verbose cache add [ 'grunt-contrib-less@~0.8.3', null ]
55 verbose cache add name=undefined spec="grunt-contrib-less@~0.8.3" args=["grunt-contrib-less@~0.8.3",null]
56 verbose parsed url { protocol: null,
56 verbose parsed url   slashes: null,
56 verbose parsed url   auth: null,
56 verbose parsed url   host: null,
56 verbose parsed url   port: null,
56 verbose parsed url   hostname: null,
56 verbose parsed url   hash: null,
56 verbose parsed url   search: null,
56 verbose parsed url   query: null,
56 verbose parsed url   pathname: 'grunt-contrib-less@~0.8.3',
56 verbose parsed url   path: 'grunt-contrib-less@~0.8.3',
56 verbose parsed url   href: 'grunt-contrib-less@~0.8.3' }
57 verbose cache add name="grunt-contrib-less" spec="~0.8.3" args=["grunt-contrib-less","~0.8.3"]
58 verbose parsed url { protocol: null,
58 verbose parsed url   slashes: null,
58 verbose parsed url   auth: null,
58 verbose parsed url   host: null,
58 verbose parsed url   port: null,
58 verbose parsed url   hostname: null,
58 verbose parsed url   hash: null,
58 verbose parsed url   search: null,
58 verbose parsed url   query: null,
58 verbose parsed url   pathname: '~0.8.3',
58 verbose parsed url   path: '~0.8.3',
58 verbose parsed url   href: '~0.8.3' }
59 verbose addNamed [ 'grunt-contrib-less', '~0.8.3' ]
60 verbose addNamed [ null, '>=0.8.3-0 <0.9.0-0' ]
61 silly lockFile 74498a07-grunt-contrib-less-0-8-3 grunt-contrib-less@~0.8.3
62 verbose lock grunt-contrib-less@~0.8.3 /home/travis/.npm/74498a07-grunt-contrib-less-0-8-3.lock
63 verbose cache add [ 'grunt-contrib-concat@~0.3.0', null ]
64 verbose cache add name=undefined spec="grunt-contrib-concat@~0.3.0" args=["grunt-contrib-concat@~0.3.0",null]
65 verbose parsed url { protocol: null,
65 verbose parsed url   slashes: null,
65 verbose parsed url   auth: null,
65 verbose parsed url   host: null,
65 verbose parsed url   port: null,
65 verbose parsed url   hostname: null,
65 verbose parsed url   hash: null,
65 verbose parsed url   search: null,
65 verbose parsed url   query: null,
65 verbose parsed url   pathname: 'grunt-contrib-concat@~0.3.0',
65 verbose parsed url   path: 'grunt-contrib-concat@~0.3.0',
65 verbose parsed url   href: 'grunt-contrib-concat@~0.3.0' }
66 verbose cache add name="grunt-contrib-concat" spec="~0.3.0" args=["grunt-contrib-concat","~0.3.0"]
67 verbose parsed url { protocol: null,
67 verbose parsed url   slashes: null,
67 verbose parsed url   auth: null,
67 verbose parsed url   host: null,
67 verbose parsed url   port: null,
67 verbose parsed url   hostname: null,
67 verbose parsed url   hash: null,
67 verbose parsed url   search: null,
67 verbose parsed url   query: null,
67 verbose parsed url   pathname: '~0.3.0',
67 verbose parsed url   path: '~0.3.0',
67 verbose parsed url   href: '~0.3.0' }
68 verbose addNamed [ 'grunt-contrib-concat', '~0.3.0' ]
69 verbose addNamed [ null, '>=0.3.0-0 <0.4.0-0' ]
70 silly lockFile 0e44e68e-grunt-contrib-concat-0-3-0 grunt-contrib-concat@~0.3.0
71 verbose lock grunt-contrib-concat@~0.3.0 /home/travis/.npm/0e44e68e-grunt-contrib-concat-0-3-0.lock
72 verbose cache add [ 'grunt-contrib-connect@~0.5.0', null ]
73 verbose cache add name=undefined spec="grunt-contrib-connect@~0.5.0" args=["grunt-contrib-connect@~0.5.0",null]
74 verbose parsed url { protocol: null,
74 verbose parsed url   slashes: null,
74 verbose parsed url   auth: null,
74 verbose parsed url   host: null,
74 verbose parsed url   port: null,
74 verbose parsed url   hostname: null,
74 verbose parsed url   hash: null,
74 verbose parsed url   search: null,
74 verbose parsed url   query: null,
74 verbose parsed url   pathname: 'grunt-contrib-connect@~0.5.0',
74 verbose parsed url   path: 'grunt-contrib-connect@~0.5.0',
74 verbose parsed url   href: 'grunt-contrib-connect@~0.5.0' }
75 verbose cache add name="grunt-contrib-connect" spec="~0.5.0" args=["grunt-contrib-connect","~0.5.0"]
76 verbose parsed url { protocol: null,
76 verbose parsed url   slashes: null,
76 verbose parsed url   auth: null,
76 verbose parsed url   host: null,
76 verbose parsed url   port: null,
76 verbose parsed url   hostname: null,
76 verbose parsed url   hash: null,
76 verbose parsed url   search: null,
76 verbose parsed url   query: null,
76 verbose parsed url   pathname: '~0.5.0',
76 verbose parsed url   path: '~0.5.0',
76 verbose parsed url   href: '~0.5.0' }
77 verbose addNamed [ 'grunt-contrib-connect', '~0.5.0' ]
78 verbose addNamed [ null, '>=0.5.0-0 <0.6.0-0' ]
79 silly lockFile bc7bae3b-grunt-contrib-connect-0-5-0 grunt-contrib-connect@~0.5.0
80 verbose lock grunt-contrib-connect@~0.5.0 /home/travis/.npm/bc7bae3b-grunt-contrib-connect-0-5-0.lock
81 silly lockFile cba964e3-grunt-0-4-0 grunt@~0.4.0
82 verbose lock grunt@~0.4.0 /home/travis/.npm/cba964e3-grunt-0-4-0.lock
83 verbose cache add [ 'grunt-contrib-copy@~0.4.0', null ]
84 verbose cache add name=undefined spec="grunt-contrib-copy@~0.4.0" args=["grunt-contrib-copy@~0.4.0",null]
85 verbose parsed url { protocol: null,
85 verbose parsed url   slashes: null,
85 verbose parsed url   auth: null,
85 verbose parsed url   host: null,
85 verbose parsed url   port: null,
85 verbose parsed url   hostname: null,
85 verbose parsed url   hash: null,
85 verbose parsed url   search: null,
85 verbose parsed url   query: null,
85 verbose parsed url   pathname: 'grunt-contrib-copy@~0.4.0',
85 verbose parsed url   path: 'grunt-contrib-copy@~0.4.0',
85 verbose parsed url   href: 'grunt-contrib-copy@~0.4.0' }
86 verbose cache add name="grunt-contrib-copy" spec="~0.4.0" args=["grunt-contrib-copy","~0.4.0"]
87 verbose parsed url { protocol: null,
87 verbose parsed url   slashes: null,
87 verbose parsed url   auth: null,
87 verbose parsed url   host: null,
87 verbose parsed url   port: null,
87 verbose parsed url   hostname: null,
87 verbose parsed url   hash: null,
87 verbose parsed url   search: null,
87 verbose parsed url   query: null,
87 verbose parsed url   pathname: '~0.4.0',
87 verbose parsed url   path: '~0.4.0',
87 verbose parsed url   href: '~0.4.0' }
88 verbose addNamed [ 'grunt-contrib-copy', '~0.4.0' ]
89 verbose addNamed [ null, '>=0.4.0-0 <0.5.0-0' ]
90 silly lockFile 01f63aba-grunt-contrib-copy-0-4-0 grunt-contrib-copy@~0.4.0
91 verbose lock grunt-contrib-copy@~0.4.0 /home/travis/.npm/01f63aba-grunt-contrib-copy-0-4-0.lock
92 verbose cache add [ 'grunt-contrib-cssmin@~0.7.0', null ]
93 verbose cache add name=undefined spec="grunt-contrib-cssmin@~0.7.0" args=["grunt-contrib-cssmin@~0.7.0",null]
94 verbose parsed url { protocol: null,
94 verbose parsed url   slashes: null,
94 verbose parsed url   auth: null,
94 verbose parsed url   host: null,
94 verbose parsed url   port: null,
94 verbose parsed url   hostname: null,
94 verbose parsed url   hash: null,
94 verbose parsed url   search: null,
94 verbose parsed url   query: null,
94 verbose parsed url   pathname: 'grunt-contrib-cssmin@~0.7.0',
94 verbose parsed url   path: 'grunt-contrib-cssmin@~0.7.0',
94 verbose parsed url   href: 'grunt-contrib-cssmin@~0.7.0' }
95 verbose cache add name="grunt-contrib-cssmin" spec="~0.7.0" args=["grunt-contrib-cssmin","~0.7.0"]
96 verbose parsed url { protocol: null,
96 verbose parsed url   slashes: null,
96 verbose parsed url   auth: null,
96 verbose parsed url   host: null,
96 verbose parsed url   port: null,
96 verbose parsed url   hostname: null,
96 verbose parsed url   hash: null,
96 verbose parsed url   search: null,
96 verbose parsed url   query: null,
96 verbose parsed url   pathname: '~0.7.0',
96 verbose parsed url   path: '~0.7.0',
96 verbose parsed url   href: '~0.7.0' }
97 verbose addNamed [ 'grunt-contrib-cssmin', '~0.7.0' ]
98 verbose addNamed [ null, '>=0.7.0-0 <0.8.0-0' ]
99 silly lockFile 77b758e3-grunt-contrib-cssmin-0-7-0 grunt-contrib-cssmin@~0.7.0
100 verbose lock grunt-contrib-cssmin@~0.7.0 /home/travis/.npm/77b758e3-grunt-contrib-cssmin-0-7-0.lock
101 verbose cache add [ 'grunt-contrib-htmlmin@~0.1.3', null ]
102 verbose cache add name=undefined spec="grunt-contrib-htmlmin@~0.1.3" args=["grunt-contrib-htmlmin@~0.1.3",null]
103 verbose parsed url { protocol: null,
103 verbose parsed url   slashes: null,
103 verbose parsed url   auth: null,
103 verbose parsed url   host: null,
103 verbose parsed url   port: null,
103 verbose parsed url   hostname: null,
103 verbose parsed url   hash: null,
103 verbose parsed url   search: null,
103 verbose parsed url   query: null,
103 verbose parsed url   pathname: 'grunt-contrib-htmlmin@~0.1.3',
103 verbose parsed url   path: 'grunt-contrib-htmlmin@~0.1.3',
103 verbose parsed url   href: 'grunt-contrib-htmlmin@~0.1.3' }
104 verbose cache add name="grunt-contrib-htmlmin" spec="~0.1.3" args=["grunt-contrib-htmlmin","~0.1.3"]
105 verbose parsed url { protocol: null,
105 verbose parsed url   slashes: null,
105 verbose parsed url   auth: null,
105 verbose parsed url   host: null,
105 verbose parsed url   port: null,
105 verbose parsed url   hostname: null,
105 verbose parsed url   hash: null,
105 verbose parsed url   search: null,
105 verbose parsed url   query: null,
105 verbose parsed url   pathname: '~0.1.3',
105 verbose parsed url   path: '~0.1.3',
105 verbose parsed url   href: '~0.1.3' }
106 verbose addNamed [ 'grunt-contrib-htmlmin', '~0.1.3' ]
107 verbose addNamed [ null, '>=0.1.3-0 <0.2.0-0' ]
108 silly lockFile 2f1223f9-grunt-contrib-htmlmin-0-1-3 grunt-contrib-htmlmin@~0.1.3
109 verbose lock grunt-contrib-htmlmin@~0.1.3 /home/travis/.npm/2f1223f9-grunt-contrib-htmlmin-0-1-3.lock
110 verbose cache add [ 'grunt-contrib-imagemin@~0.4.0', null ]
111 verbose cache add name=undefined spec="grunt-contrib-imagemin@~0.4.0" args=["grunt-contrib-imagemin@~0.4.0",null]
112 verbose parsed url { protocol: null,
112 verbose parsed url   slashes: null,
112 verbose parsed url   auth: null,
112 verbose parsed url   host: null,
112 verbose parsed url   port: null,
112 verbose parsed url   hostname: null,
112 verbose parsed url   hash: null,
112 verbose parsed url   search: null,
112 verbose parsed url   query: null,
112 verbose parsed url   pathname: 'grunt-contrib-imagemin@~0.4.0',
112 verbose parsed url   path: 'grunt-contrib-imagemin@~0.4.0',
112 verbose parsed url   href: 'grunt-contrib-imagemin@~0.4.0' }
113 verbose cache add name="grunt-contrib-imagemin" spec="~0.4.0" args=["grunt-contrib-imagemin","~0.4.0"]
114 verbose parsed url { protocol: null,
114 verbose parsed url   slashes: null,
114 verbose parsed url   auth: null,
114 verbose parsed url   host: null,
114 verbose parsed url   port: null,
114 verbose parsed url   hostname: null,
114 verbose parsed url   hash: null,
114 verbose parsed url   search: null,
114 verbose parsed url   query: null,
114 verbose parsed url   pathname: '~0.4.0',
114 verbose parsed url   path: '~0.4.0',
114 verbose parsed url   href: '~0.4.0' }
115 verbose addNamed [ 'grunt-contrib-imagemin', '~0.4.0' ]
116 verbose addNamed [ null, '>=0.4.0-0 <0.5.0-0' ]
117 silly lockFile bb04df70-grunt-contrib-imagemin-0-4-0 grunt-contrib-imagemin@~0.4.0
118 verbose lock grunt-contrib-imagemin@~0.4.0 /home/travis/.npm/bb04df70-grunt-contrib-imagemin-0-4-0.lock
119 verbose cache add [ 'grunt-contrib-uglify@~0.2.4', null ]
120 verbose cache add name=undefined spec="grunt-contrib-uglify@~0.2.4" args=["grunt-contrib-uglify@~0.2.4",null]
121 verbose parsed url { protocol: null,
121 verbose parsed url   slashes: null,
121 verbose parsed url   auth: null,
121 verbose parsed url   host: null,
121 verbose parsed url   port: null,
121 verbose parsed url   hostname: null,
121 verbose parsed url   hash: null,
121 verbose parsed url   search: null,
121 verbose parsed url   query: null,
121 verbose parsed url   pathname: 'grunt-contrib-uglify@~0.2.4',
121 verbose parsed url   path: 'grunt-contrib-uglify@~0.2.4',
121 verbose parsed url   href: 'grunt-contrib-uglify@~0.2.4' }
122 verbose cache add name="grunt-contrib-uglify" spec="~0.2.4" args=["grunt-contrib-uglify","~0.2.4"]
123 verbose parsed url { protocol: null,
123 verbose parsed url   slashes: null,
123 verbose parsed url   auth: null,
123 verbose parsed url   host: null,
123 verbose parsed url   port: null,
123 verbose parsed url   hostname: null,
123 verbose parsed url   hash: null,
123 verbose parsed url   search: null,
123 verbose parsed url   query: null,
123 verbose parsed url   pathname: '~0.2.4',
123 verbose parsed url   path: '~0.2.4',
123 verbose parsed url   href: '~0.2.4' }
124 verbose addNamed [ 'grunt-contrib-uglify', '~0.2.4' ]
125 verbose addNamed [ null, '>=0.2.4-0 <0.3.0-0' ]
126 silly lockFile dcf05dfd-grunt-contrib-uglify-0-2-4 grunt-contrib-uglify@~0.2.4
127 verbose lock grunt-contrib-uglify@~0.2.4 /home/travis/.npm/dcf05dfd-grunt-contrib-uglify-0-2-4.lock
128 verbose cache add [ 'grunt-contrib-watch@~0.5.3', null ]
129 verbose cache add name=undefined spec="grunt-contrib-watch@~0.5.3" args=["grunt-contrib-watch@~0.5.3",null]
130 verbose parsed url { protocol: null,
130 verbose parsed url   slashes: null,
130 verbose parsed url   auth: null,
130 verbose parsed url   host: null,
130 verbose parsed url   port: null,
130 verbose parsed url   hostname: null,
130 verbose parsed url   hash: null,
130 verbose parsed url   search: null,
130 verbose parsed url   query: null,
130 verbose parsed url   pathname: 'grunt-contrib-watch@~0.5.3',
130 verbose parsed url   path: 'grunt-contrib-watch@~0.5.3',
130 verbose parsed url   href: 'grunt-contrib-watch@~0.5.3' }
131 verbose cache add name="grunt-contrib-watch" spec="~0.5.3" args=["grunt-contrib-watch","~0.5.3"]
132 verbose parsed url { protocol: null,
132 verbose parsed url   slashes: null,
132 verbose parsed url   auth: null,
132 verbose parsed url   host: null,
132 verbose parsed url   port: null,
132 verbose parsed url   hostname: null,
132 verbose parsed url   hash: null,
132 verbose parsed url   search: null,
132 verbose parsed url   query: null,
132 verbose parsed url   pathname: '~0.5.3',
132 verbose parsed url   path: '~0.5.3',
132 verbose parsed url   href: '~0.5.3' }
133 verbose addNamed [ 'grunt-contrib-watch', '~0.5.3' ]
134 verbose addNamed [ null, '>=0.5.3-0 <0.6.0-0' ]
135 silly lockFile b469febc-grunt-contrib-watch-0-5-3 grunt-contrib-watch@~0.5.3
136 verbose lock grunt-contrib-watch@~0.5.3 /home/travis/.npm/b469febc-grunt-contrib-watch-0-5-3.lock
137 verbose cache add [ 'grunt-contrib-requirejs@~0.4.1', null ]
138 verbose cache add name=undefined spec="grunt-contrib-requirejs@~0.4.1" args=["grunt-contrib-requirejs@~0.4.1",null]
139 verbose parsed url { protocol: null,
139 verbose parsed url   slashes: null,
139 verbose parsed url   auth: null,
139 verbose parsed url   host: null,
139 verbose parsed url   port: null,
139 verbose parsed url   hostname: null,
139 verbose parsed url   hash: null,
139 verbose parsed url   search: null,
139 verbose parsed url   query: null,
139 verbose parsed url   pathname: 'grunt-contrib-requirejs@~0.4.1',
139 verbose parsed url   path: 'grunt-contrib-requirejs@~0.4.1',
139 verbose parsed url   href: 'grunt-contrib-requirejs@~0.4.1' }
140 verbose cache add name="grunt-contrib-requirejs" spec="~0.4.1" args=["grunt-contrib-requirejs","~0.4.1"]
141 verbose parsed url { protocol: null,
141 verbose parsed url   slashes: null,
141 verbose parsed url   auth: null,
141 verbose parsed url   host: null,
141 verbose parsed url   port: null,
141 verbose parsed url   hostname: null,
141 verbose parsed url   hash: null,
141 verbose parsed url   search: null,
141 verbose parsed url   query: null,
141 verbose parsed url   pathname: '~0.4.1',
141 verbose parsed url   path: '~0.4.1',
141 verbose parsed url   href: '~0.4.1' }
142 verbose addNamed [ 'grunt-contrib-requirejs', '~0.4.1' ]
143 verbose addNamed [ null, '>=0.4.1-0 <0.5.0-0' ]
144 silly lockFile 334939f7-grunt-contrib-requirejs-0-4-1 grunt-contrib-requirejs@~0.4.1
145 verbose lock grunt-contrib-requirejs@~0.4.1 /home/travis/.npm/334939f7-grunt-contrib-requirejs-0-4-1.lock
146 silly addNameRange { name: 'grunt-contrib-clean',
146 silly addNameRange   range: '>=0.5.0-0 <0.6.0-0',
146 silly addNameRange   hasData: false }
147 silly addNameRange { name: 'path', range: '>=0.4.9-0 <0.5.0-0', hasData: false }
148 silly addNameRange { name: 'grunt-contrib-coffee',
148 silly addNameRange   range: '>=0.7.0-0 <0.8.0-0',
148 silly addNameRange   hasData: false }
149 silly addNameRange { name: 'grunt-contrib-compass',
149 silly addNameRange   range: '>=0.7.0-0 <0.8.0-0',
149 silly addNameRange   hasData: false }
150 silly addNameRange { name: 'grunt-contrib-less',
150 silly addNameRange   range: '>=0.8.3-0 <0.9.0-0',
150 silly addNameRange   hasData: false }
151 verbose cache add [ 'grunt-open@~0.2.0', null ]
152 verbose cache add name=undefined spec="grunt-open@~0.2.0" args=["grunt-open@~0.2.0",null]
153 verbose parsed url { protocol: null,
153 verbose parsed url   slashes: null,
153 verbose parsed url   auth: null,
153 verbose parsed url   host: null,
153 verbose parsed url   port: null,
153 verbose parsed url   hostname: null,
153 verbose parsed url   hash: null,
153 verbose parsed url   search: null,
153 verbose parsed url   query: null,
153 verbose parsed url   pathname: 'grunt-open@~0.2.0',
153 verbose parsed url   path: 'grunt-open@~0.2.0',
153 verbose parsed url   href: 'grunt-open@~0.2.0' }
154 verbose cache add name="grunt-open" spec="~0.2.0" args=["grunt-open","~0.2.0"]
155 verbose parsed url { protocol: null,
155 verbose parsed url   slashes: null,
155 verbose parsed url   auth: null,
155 verbose parsed url   host: null,
155 verbose parsed url   port: null,
155 verbose parsed url   hostname: null,
155 verbose parsed url   hash: null,
155 verbose parsed url   search: null,
155 verbose parsed url   query: null,
155 verbose parsed url   pathname: '~0.2.0',
155 verbose parsed url   path: '~0.2.0',
155 verbose parsed url   href: '~0.2.0' }
156 verbose addNamed [ 'grunt-open', '~0.2.0' ]
157 verbose addNamed [ null, '>=0.2.0-0 <0.3.0-0' ]
158 silly lockFile a449c8be-grunt-open-0-2-0 grunt-open@~0.2.0
159 verbose lock grunt-open@~0.2.0 /home/travis/.npm/a449c8be-grunt-open-0-2-0.lock
160 verbose cache add [ 'grunt-usemin@~0.2.0', null ]
161 verbose cache add name=undefined spec="grunt-usemin@~0.2.0" args=["grunt-usemin@~0.2.0",null]
162 verbose parsed url { protocol: null,
162 verbose parsed url   slashes: null,
162 verbose parsed url   auth: null,
162 verbose parsed url   host: null,
162 verbose parsed url   port: null,
162 verbose parsed url   hostname: null,
162 verbose parsed url   hash: null,
162 verbose parsed url   search: null,
162 verbose parsed url   query: null,
162 verbose parsed url   pathname: 'grunt-usemin@~0.2.0',
162 verbose parsed url   path: 'grunt-usemin@~0.2.0',
162 verbose parsed url   href: 'grunt-usemin@~0.2.0' }
163 verbose cache add name="grunt-usemin" spec="~0.2.0" args=["grunt-usemin","~0.2.0"]
164 verbose parsed url { protocol: null,
164 verbose parsed url   slashes: null,
164 verbose parsed url   auth: null,
164 verbose parsed url   host: null,
164 verbose parsed url   port: null,
164 verbose parsed url   hostname: null,
164 verbose parsed url   hash: null,
164 verbose parsed url   search: null,
164 verbose parsed url   query: null,
164 verbose parsed url   pathname: '~0.2.0',
164 verbose parsed url   path: '~0.2.0',
164 verbose parsed url   href: '~0.2.0' }
165 verbose addNamed [ 'grunt-usemin', '~0.2.0' ]
166 verbose addNamed [ null, '>=0.2.0-0 <0.3.0-0' ]
167 silly lockFile 9fa213f1-grunt-usemin-0-2-0 grunt-usemin@~0.2.0
168 verbose lock grunt-usemin@~0.2.0 /home/travis/.npm/9fa213f1-grunt-usemin-0-2-0.lock
169 verbose cache add [ 'grunt-mocha@~0.4.1', null ]
170 verbose cache add name=undefined spec="grunt-mocha@~0.4.1" args=["grunt-mocha@~0.4.1",null]
171 verbose parsed url { protocol: null,
171 verbose parsed url   slashes: null,
171 verbose parsed url   auth: null,
171 verbose parsed url   host: null,
171 verbose parsed url   port: null,
171 verbose parsed url   hostname: null,
171 verbose parsed url   hash: null,
171 verbose parsed url   search: null,
171 verbose parsed url   query: null,
171 verbose parsed url   pathname: 'grunt-mocha@~0.4.1',
171 verbose parsed url   path: 'grunt-mocha@~0.4.1',
171 verbose parsed url   href: 'grunt-mocha@~0.4.1' }
172 verbose cache add name="grunt-mocha" spec="~0.4.1" args=["grunt-mocha","~0.4.1"]
173 verbose parsed url { protocol: null,
173 verbose parsed url   slashes: null,
173 verbose parsed url   auth: null,
173 verbose parsed url   host: null,
173 verbose parsed url   port: null,
173 verbose parsed url   hostname: null,
173 verbose parsed url   hash: null,
173 verbose parsed url   search: null,
173 verbose parsed url   query: null,
173 verbose parsed url   pathname: '~0.4.1',
173 verbose parsed url   path: '~0.4.1',
173 verbose parsed url   href: '~0.4.1' }
174 verbose addNamed [ 'grunt-mocha', '~0.4.1' ]
175 verbose addNamed [ null, '>=0.4.1-0 <0.5.0-0' ]
176 silly lockFile dbf7d172-grunt-mocha-0-4-1 grunt-mocha@~0.4.1
177 verbose lock grunt-mocha@~0.4.1 /home/travis/.npm/dbf7d172-grunt-mocha-0-4-1.lock
178 verbose cache add [ 'connect-livereload@~0.3.0', null ]
179 verbose cache add name=undefined spec="connect-livereload@~0.3.0" args=["connect-livereload@~0.3.0",null]
180 verbose parsed url { protocol: null,
180 verbose parsed url   slashes: null,
180 verbose parsed url   auth: null,
180 verbose parsed url   host: null,
180 verbose parsed url   port: null,
180 verbose parsed url   hostname: null,
180 verbose parsed url   hash: null,
180 verbose parsed url   search: null,
180 verbose parsed url   query: null,
180 verbose parsed url   pathname: 'connect-livereload@~0.3.0',
180 verbose parsed url   path: 'connect-livereload@~0.3.0',
180 verbose parsed url   href: 'connect-livereload@~0.3.0' }
181 verbose cache add name="connect-livereload" spec="~0.3.0" args=["connect-livereload","~0.3.0"]
182 verbose parsed url { protocol: null,
182 verbose parsed url   slashes: null,
182 verbose parsed url   auth: null,
182 verbose parsed url   host: null,
182 verbose parsed url   port: null,
182 verbose parsed url   hostname: null,
182 verbose parsed url   hash: null,
182 verbose parsed url   search: null,
182 verbose parsed url   query: null,
182 verbose parsed url   pathname: '~0.3.0',
182 verbose parsed url   path: '~0.3.0',
182 verbose parsed url   href: '~0.3.0' }
183 verbose addNamed [ 'connect-livereload', '~0.3.0' ]
184 verbose addNamed [ null, '>=0.3.0-0 <0.4.0-0' ]
185 silly lockFile 18dc8b0d-connect-livereload-0-3-0 connect-livereload@~0.3.0
186 verbose lock connect-livereload@~0.3.0 /home/travis/.npm/18dc8b0d-connect-livereload-0-3-0.lock
187 silly addNameRange { name: 'grunt-contrib-concat',
187 silly addNameRange   range: '>=0.3.0-0 <0.4.0-0',
187 silly addNameRange   hasData: false }
188 silly addNameRange { name: 'grunt-contrib-connect',
188 silly addNameRange   range: '>=0.5.0-0 <0.6.0-0',
188 silly addNameRange   hasData: false }
189 silly addNameRange { name: 'grunt', range: '>=0.4.0-0 <0.5.0-0', hasData: false }
190 verbose url raw grunt-contrib-clean
191 verbose url resolving [ 'https://registry.npmjs.org/', './grunt-contrib-clean' ]
192 verbose url resolved https://registry.npmjs.org/grunt-contrib-clean
193 info trying registry request attempt 1 at 20:04:31
194 http GET https://registry.npmjs.org/grunt-contrib-clean
195 verbose url raw grunt-contrib-coffee
196 verbose url resolving [ 'https://registry.npmjs.org/', './grunt-contrib-coffee' ]
197 verbose url resolved https://registry.npmjs.org/grunt-contrib-coffee
198 info trying registry request attempt 1 at 20:04:31
199 http GET https://registry.npmjs.org/grunt-contrib-coffee
200 verbose url raw grunt-contrib-compass
201 verbose url resolving [ 'https://registry.npmjs.org/', './grunt-contrib-compass' ]
202 verbose url resolved https://registry.npmjs.org/grunt-contrib-compass
203 info trying registry request attempt 1 at 20:04:31
204 http GET https://registry.npmjs.org/grunt-contrib-compass
205 verbose url raw grunt-contrib-less
206 verbose url resolving [ 'https://registry.npmjs.org/', './grunt-contrib-less' ]
207 verbose url resolved https://registry.npmjs.org/grunt-contrib-less
208 info trying registry request attempt 1 at 20:04:31
209 http GET https://registry.npmjs.org/grunt-contrib-less
210 silly addNameRange { name: 'grunt-contrib-copy',
210 silly addNameRange   range: '>=0.4.0-0 <0.5.0-0',
210 silly addNameRange   hasData: false }
211 silly addNameRange { name: 'grunt-contrib-cssmin',
211 silly addNameRange   range: '>=0.7.0-0 <0.8.0-0',
211 silly addNameRange   hasData: false }
212 silly addNameRange { name: 'grunt-contrib-htmlmin',
212 silly addNameRange   range: '>=0.1.3-0 <0.2.0-0',
212 silly addNameRange   hasData: false }
213 silly addNameRange { name: 'grunt-contrib-imagemin',
213 silly addNameRange   range: '>=0.4.0-0 <0.5.0-0',
213 silly addNameRange   hasData: false }
214 silly addNameRange { name: 'grunt-contrib-uglify',
214 silly addNameRange   range: '>=0.2.4-0 <0.3.0-0',
214 silly addNameRange   hasData: false }
215 silly addNameRange { name: 'grunt-contrib-watch',
215 silly addNameRange   range: '>=0.5.3-0 <0.6.0-0',
215 silly addNameRange   hasData: false }
216 silly addNameRange { name: 'grunt-contrib-requirejs',
216 silly addNameRange   range: '>=0.4.1-0 <0.5.0-0',
216 silly addNameRange   hasData: false }
217 verbose url raw grunt-contrib-concat
218 verbose url resolving [ 'https://registry.npmjs.org/', './grunt-contrib-concat' ]
219 verbose url resolved https://registry.npmjs.org/grunt-contrib-concat
220 info trying registry request attempt 1 at 20:04:31
221 http GET https://registry.npmjs.org/grunt-contrib-concat
222 verbose url raw grunt-contrib-connect
223 verbose url resolving [ 'https://registry.npmjs.org/', './grunt-contrib-connect' ]
224 verbose url resolved https://registry.npmjs.org/grunt-contrib-connect
225 info trying registry request attempt 1 at 20:04:31
226 http GET https://registry.npmjs.org/grunt-contrib-connect
227 verbose url raw grunt-contrib-copy
228 verbose url resolving [ 'https://registry.npmjs.org/', './grunt-contrib-copy' ]
229 verbose url resolved https://registry.npmjs.org/grunt-contrib-copy
230 info trying registry request attempt 1 at 20:04:31
231 http GET https://registry.npmjs.org/grunt-contrib-copy
232 verbose url raw grunt-contrib-cssmin
233 verbose url resolving [ 'https://registry.npmjs.org/', './grunt-contrib-cssmin' ]
234 verbose url resolved https://registry.npmjs.org/grunt-contrib-cssmin
235 info trying registry request attempt 1 at 20:04:31
236 http GET https://registry.npmjs.org/grunt-contrib-cssmin
237 verbose url raw grunt-contrib-htmlmin
238 verbose url resolving [ 'https://registry.npmjs.org/', './grunt-contrib-htmlmin' ]
239 verbose url resolved https://registry.npmjs.org/grunt-contrib-htmlmin
240 info trying registry request attempt 1 at 20:04:31
241 http GET https://registry.npmjs.org/grunt-contrib-htmlmin
242 verbose url raw grunt-contrib-imagemin
243 verbose url resolving [ 'https://registry.npmjs.org/', './grunt-contrib-imagemin' ]
244 verbose url resolved https://registry.npmjs.org/grunt-contrib-imagemin
245 info trying registry request attempt 1 at 20:04:31
246 http GET https://registry.npmjs.org/grunt-contrib-imagemin
247 verbose url raw grunt-contrib-uglify
248 verbose url resolving [ 'https://registry.npmjs.org/', './grunt-contrib-uglify' ]
249 verbose url resolved https://registry.npmjs.org/grunt-contrib-uglify
250 info trying registry request attempt 1 at 20:04:31
251 http GET https://registry.npmjs.org/grunt-contrib-uglify
252 verbose url raw grunt-contrib-watch
253 verbose url resolving [ 'https://registry.npmjs.org/', './grunt-contrib-watch' ]
254 verbose url resolved https://registry.npmjs.org/grunt-contrib-watch
255 info trying registry request attempt 1 at 20:04:31
256 http GET https://registry.npmjs.org/grunt-contrib-watch
257 silly addNameRange { name: 'grunt-open',
257 silly addNameRange   range: '>=0.2.0-0 <0.3.0-0',
257 silly addNameRange   hasData: false }
258 silly addNameRange { name: 'grunt-usemin',
258 silly addNameRange   range: '>=0.2.0-0 <0.3.0-0',
258 silly addNameRange   hasData: false }
259 silly addNameRange { name: 'grunt-mocha',
259 silly addNameRange   range: '>=0.4.1-0 <0.5.0-0',
259 silly addNameRange   hasData: false }
260 verbose url raw grunt-contrib-requirejs
261 verbose url resolving [ 'https://registry.npmjs.org/', './grunt-contrib-requirejs' ]
262 verbose url resolved https://registry.npmjs.org/grunt-contrib-requirejs
263 info trying registry request attempt 1 at 20:04:31
264 http GET https://registry.npmjs.org/grunt-contrib-requirejs
265 silly addNameRange { name: 'connect-livereload',
265 silly addNameRange   range: '>=0.3.0-0 <0.4.0-0',
265 silly addNameRange   hasData: false }
266 verbose url raw grunt-open
267 verbose url resolving [ 'https://registry.npmjs.org/', './grunt-open' ]
268 verbose url resolved https://registry.npmjs.org/grunt-open
269 info trying registry request attempt 1 at 20:04:31
270 http GET https://registry.npmjs.org/grunt-open
271 verbose url raw grunt-usemin
272 verbose url resolving [ 'https://registry.npmjs.org/', './grunt-usemin' ]
273 verbose url resolved https://registry.npmjs.org/grunt-usemin
274 info trying registry request attempt 1 at 20:04:31
275 http GET https://registry.npmjs.org/grunt-usemin
276 verbose url raw grunt-mocha
277 verbose url resolving [ 'https://registry.npmjs.org/', './grunt-mocha' ]
278 verbose url resolved https://registry.npmjs.org/grunt-mocha
279 info trying registry request attempt 1 at 20:04:31
280 http GET https://registry.npmjs.org/grunt-mocha
281 verbose url raw connect-livereload
282 verbose url resolving [ 'https://registry.npmjs.org/', './connect-livereload' ]
283 verbose url resolved https://registry.npmjs.org/connect-livereload
284 info trying registry request attempt 1 at 20:04:31
285 http GET https://registry.npmjs.org/connect-livereload
286 verbose url raw path
287 verbose url resolving [ 'https://registry.npmjs.org/', './path' ]
288 verbose url resolved https://registry.npmjs.org/path
289 info trying registry request attempt 1 at 20:04:31
290 verbose etag "784HMOBI4WVA0WFW99050YXT3"
291 http GET https://registry.npmjs.org/path
292 verbose url raw grunt
293 verbose url resolving [ 'https://registry.npmjs.org/', './grunt' ]
294 verbose url resolved https://registry.npmjs.org/grunt
295 info trying registry request attempt 1 at 20:04:31
296 verbose etag "3YLLF7LCAIC1A6MIZCDE3Z7QX"
297 http GET https://registry.npmjs.org/grunt
298 http 200 https://registry.npmjs.org/grunt-contrib-clean
299 silly registry.get cb [ 200,
299 silly registry.get   { vary: 'Accept',
299 silly registry.get     server: 'CouchDB/1.3.1 (Erlang OTP/R15B03)',
299 silly registry.get     etag: '"6WTMCRCGAYGOJ9ENNPP582C8U"',
299 silly registry.get     date: 'Mon, 16 Dec 2013 20:04:31 GMT',
299 silly registry.get     'content-type': 'application/json',
299 silly registry.get     'content-length': '43429' } ]
300 silly addNameRange number 2 { name: 'grunt-contrib-clean',
300 silly addNameRange   range: '>=0.5.0-0 <0.6.0-0',
300 silly addNameRange   hasData: true }
301 silly addNameRange versions [ 'grunt-contrib-clean',
301 silly addNameRange   [ '0.1.0',
301 silly addNameRange     '0.2.0',
301 silly addNameRange     '0.3.0',
301 silly addNameRange     '0.3.1',
301 silly addNameRange     '0.3.2',
301 silly addNameRange     '0.4.0',
301 silly addNameRange     '0.4.1',
301 silly addNameRange     '0.5.0',
301 silly addNameRange     '0.4.0-a',
301 silly addNameRange     '0.4.0-rc5',
301 silly addNameRange     '0.4.0-rc6' ] ]
302 verbose addNamed [ 'grunt-contrib-clean', '0.5.0' ]
303 verbose addNamed [ '0.5.0', '0.5.0' ]
304 silly lockFile 9e0b1814-grunt-contrib-clean-0-5-0 grunt-contrib-clean@0.5.0
305 verbose lock grunt-contrib-clean@0.5.0 /home/travis/.npm/9e0b1814-grunt-contrib-clean-0-5-0.lock
306 silly lockFile 64ec8237-an-grunt-contrib-clean-0-5-0-tgz https://registry.npmjs.org/grunt-contrib-clean/-/grunt-contrib-clean-0.5.0.tgz
307 verbose lock https://registry.npmjs.org/grunt-contrib-clean/-/grunt-contrib-clean-0.5.0.tgz /home/travis/.npm/64ec8237-an-grunt-contrib-clean-0-5-0-tgz.lock
308 verbose addRemoteTarball [ 'https://registry.npmjs.org/grunt-contrib-clean/-/grunt-contrib-clean-0.5.0.tgz',
308 verbose addRemoteTarball   'f53dfdee0849b1c7b40e9ebbba69f48c4c6079c5' ]
309 info retry fetch attempt 1 at 20:04:31
310 verbose fetch to= /home/travis/tmp/npm-1348-qi6AZvBu/1387224271992-0.40604277211241424/tmp.tgz
311 http GET https://registry.npmjs.org/grunt-contrib-clean/-/grunt-contrib-clean-0.5.0.tgz
312 http 200 https://registry.npmjs.org/grunt-contrib-concat
313 silly registry.get cb [ 200,
313 silly registry.get   { vary: 'Accept',
313 silly registry.get     server: 'CouchDB/1.5.0 (Erlang OTP/R15B03)',
313 silly registry.get     etag: '"8RQ83HYHOT2KEI0DAV76Q1QQW"',
313 silly registry.get     date: 'Mon, 16 Dec 2013 20:04:31 GMT',
313 silly registry.get     'content-type': 'application/json',
313 silly registry.get     'content-length': '88709' } ]
314 silly addNameRange number 2 { name: 'grunt-contrib-concat',
314 silly addNameRange   range: '>=0.3.0-0 <0.4.0-0',
314 silly addNameRange   hasData: true }
315 silly addNameRange versions [ 'grunt-contrib-concat',
315 silly addNameRange   [ '0.1.0',
315 silly addNameRange     '0.1.1',
315 silly addNameRange     '0.1.2',
315 silly addNameRange     '0.1.3',
315 silly addNameRange     '0.2.0',
315 silly addNameRange     '0.3.0',
315 silly addNameRange     '0.1.2-rc5',
315 silly addNameRange     '0.1.2-rc6' ] ]
316 verbose addNamed [ 'grunt-contrib-concat', '0.3.0' ]
317 verbose addNamed [ '0.3.0', '0.3.0' ]
318 silly lockFile 11d10dc6-grunt-contrib-concat-0-3-0 grunt-contrib-concat@0.3.0
319 verbose lock grunt-contrib-concat@0.3.0 /home/travis/.npm/11d10dc6-grunt-contrib-concat-0-3-0.lock
320 silly lockFile 31037153-t-grunt-contrib-concat-0-3-0-tgz https://registry.npmjs.org/grunt-contrib-concat/-/grunt-contrib-concat-0.3.0.tgz
321 verbose lock https://registry.npmjs.org/grunt-contrib-concat/-/grunt-contrib-concat-0.3.0.tgz /home/travis/.npm/31037153-t-grunt-contrib-concat-0-3-0-tgz.lock
322 http 200 https://registry.npmjs.org/grunt-contrib-compass
323 silly registry.get cb [ 200,
323 silly registry.get   { vary: 'Accept',
323 silly registry.get     server: 'CouchDB/1.5.0 (Erlang OTP/R15B03)',
323 silly registry.get     etag: '"ECR4CU5JJ7AAZNCWXAKTO3Z2Q"',
323 silly registry.get     date: 'Mon, 16 Dec 2013 20:04:31 GMT',
323 silly registry.get     'content-type': 'application/json',
323 silly registry.get     'content-length': '142878' } ]
324 verbose addRemoteTarball [ 'https://registry.npmjs.org/grunt-contrib-concat/-/grunt-contrib-concat-0.3.0.tgz',
324 verbose addRemoteTarball   '48fa0d4336d29b653ad8225a6bd6f856b4483e32' ]
325 info retry fetch attempt 1 at 20:04:32
326 verbose fetch to= /home/travis/tmp/npm-1348-qi6AZvBu/1387224272055-0.27953791292384267/tmp.tgz
327 http GET https://registry.npmjs.org/grunt-contrib-concat/-/grunt-contrib-concat-0.3.0.tgz
328 http 200 https://registry.npmjs.org/grunt-contrib-coffee
329 silly registry.get cb [ 200,
329 silly registry.get   { vary: 'Accept',
329 silly registry.get     server: 'CouchDB/1.3.1 (Erlang OTP/R15B03)',
329 silly registry.get     etag: '"QKLO00QHJ3IQF9DV2D5KY6BP"',
329 silly registry.get     date: 'Mon, 16 Dec 2013 20:04:31 GMT',
329 silly registry.get     'content-type': 'application/json',
329 silly registry.get     'content-length': '93254' } ]
330 silly addNameRange number 2 { name: 'grunt-contrib-compass',
330 silly addNameRange   range: '>=0.7.0-0 <0.8.0-0',
330 silly addNameRange   hasData: true }
331 silly addNameRange versions [ 'grunt-contrib-compass',
331 silly addNameRange   [ '0.1.0',
331 silly addNameRange     '0.1.1',
331 silly addNameRange     '0.1.2',
331 silly addNameRange     '0.1.3',
331 silly addNameRange     '0.2.0',
331 silly addNameRange     '0.3.0',
331 silly addNameRange     '0.4.0',
331 silly addNameRange     '0.4.1',
331 silly addNameRange     '0.5.0',
331 silly addNameRange     '0.6.0',
331 silly addNameRange     '0.7.0',
331 silly addNameRange     '0.1.1-rc7',
331 silly addNameRange     '0.1.1-rc8' ] ]
332 verbose addNamed [ 'grunt-contrib-compass', '0.7.0' ]
333 verbose addNamed [ '0.7.0', '0.7.0' ]
334 silly lockFile 6660bb65-grunt-contrib-compass-0-7-0 grunt-contrib-compass@0.7.0
335 verbose lock grunt-contrib-compass@0.7.0 /home/travis/.npm/6660bb65-grunt-contrib-compass-0-7-0.lock
336 silly lockFile 43c4c0d6--grunt-contrib-compass-0-7-0-tgz https://registry.npmjs.org/grunt-contrib-compass/-/grunt-contrib-compass-0.7.0.tgz
337 verbose lock https://registry.npmjs.org/grunt-contrib-compass/-/grunt-contrib-compass-0.7.0.tgz /home/travis/.npm/43c4c0d6--grunt-contrib-compass-0-7-0-tgz.lock
338 silly addNameRange number 2 { name: 'grunt-contrib-coffee',
338 silly addNameRange   range: '>=0.7.0-0 <0.8.0-0',
338 silly addNameRange   hasData: true }
339 silly addNameRange versions [ 'grunt-contrib-coffee',
339 silly addNameRange   [ '0.2.0',
339 silly addNameRange     '0.3.0',
339 silly addNameRange     '0.3.1',
339 silly addNameRange     '0.3.2',
339 silly addNameRange     '0.4.0',
339 silly addNameRange     '0.5.0',
339 silly addNameRange     '0.6.0',
339 silly addNameRange     '0.6.1',
339 silly addNameRange     '0.6.2',
339 silly addNameRange     '0.6.3',
339 silly addNameRange     '0.6.4',
339 silly addNameRange     '0.6.5',
339 silly addNameRange     '0.6.6',
339 silly addNameRange     '0.6.7',
339 silly addNameRange     '0.7.0',
339 silly addNameRange     '0.4.0-rc7' ] ]
340 verbose addNamed [ 'grunt-contrib-coffee', '0.7.0' ]
341 verbose addNamed [ '0.7.0', '0.7.0' ]
342 silly lockFile a82ca7a6-grunt-contrib-coffee-0-7-0 grunt-contrib-coffee@0.7.0
343 verbose lock grunt-contrib-coffee@0.7.0 /home/travis/.npm/a82ca7a6-grunt-contrib-coffee-0-7-0.lock
344 http 200 https://registry.npmjs.org/grunt-contrib-less
345 silly registry.get cb [ 200,
345 silly registry.get   { vary: 'Accept',
345 silly registry.get     server: 'CouchDB/1.3.1 (Erlang OTP/R15B03)',
345 silly registry.get     etag: '"EGWJB3WQRORPIHFT8S4P0MX7Z"',
345 silly registry.get     date: 'Mon, 16 Dec 2013 20:04:31 GMT',
345 silly registry.get     'content-type': 'application/json',
345 silly registry.get     'content-length': '135946' } ]
346 verbose addRemoteTarball [ 'https://registry.npmjs.org/grunt-contrib-compass/-/grunt-contrib-compass-0.7.0.tgz',
346 verbose addRemoteTarball   'bc4d8227bfed908fa2019bfff2da14645927cdc6' ]
347 info retry fetch attempt 1 at 20:04:32
348 verbose fetch to= /home/travis/tmp/npm-1348-qi6AZvBu/1387224272106-0.9403159015346318/tmp.tgz
349 silly lockFile 32f00fbd-e-grunt-contrib-coffee-0-7-0-tgz https://registry.npmjs.org/grunt-contrib-coffee/-/grunt-contrib-coffee-0.7.0.tgz
350 verbose lock https://registry.npmjs.org/grunt-contrib-coffee/-/grunt-contrib-coffee-0.7.0.tgz /home/travis/.npm/32f00fbd-e-grunt-contrib-coffee-0-7-0-tgz.lock
351 http 200 https://registry.npmjs.org/grunt-contrib-connect
352 silly registry.get cb [ 200,
352 silly registry.get   { vary: 'Accept',
352 silly registry.get     server: 'CouchDB/1.3.1 (Erlang OTP/R15B03)',
352 silly registry.get     etag: '"4VO1QMKT81CC1KFS8BUWZEKO5"',
352 silly registry.get     date: 'Mon, 16 Dec 2013 20:04:32 GMT',
352 silly registry.get     'content-type': 'application/json',
352 silly registry.get     'content-length': '90122' } ]
353 http GET https://registry.npmjs.org/grunt-contrib-compass/-/grunt-contrib-compass-0.7.0.tgz
354 verbose addRemoteTarball [ 'https://registry.npmjs.org/grunt-contrib-coffee/-/grunt-contrib-coffee-0.7.0.tgz',
354 verbose addRemoteTarball   '8b12267b74e7338b1f29c5b8b718fb9f89982f13' ]
355 info retry fetch attempt 1 at 20:04:32
356 verbose fetch to= /home/travis/tmp/npm-1348-qi6AZvBu/1387224272133-0.22053673909977078/tmp.tgz
357 http GET https://registry.npmjs.org/grunt-contrib-coffee/-/grunt-contrib-coffee-0.7.0.tgz
358 silly addNameRange number 2 { name: 'grunt-contrib-less',
358 silly addNameRange   range: '>=0.8.3-0 <0.9.0-0',
358 silly addNameRange   hasData: true }
359 silly addNameRange versions [ 'grunt-contrib-less',
359 silly addNameRange   [ '0.1.0',
359 silly addNameRange     '0.2.0',
359 silly addNameRange     '0.2.1',
359 silly addNameRange     '0.2.2',
359 silly addNameRange     '0.3.0',
359 silly addNameRange     '0.3.1',
359 silly addNameRange     '0.3.2',
359 silly addNameRange     '0.5.0',
359 silly addNameRange     '0.5.1',
359 silly addNameRange     '0.5.2',
359 silly addNameRange     '0.6.0',
359 silly addNameRange     '0.6.1',
359 silly addNameRange     '0.6.2',
359 silly addNameRange     '0.6.3',
359 silly addNameRange     '0.6.4',
359 silly addNameRange     '0.6.5',
359 silly addNameRange     '0.7.0',
359 silly addNameRange     '0.8.0',
359 silly addNameRange     '0.8.1',
359 silly addNameRange     '0.8.2',
359 silly addNameRange     '0.8.3',
359 silly addNameRange     '0.5.0-rc7' ] ]
360 verbose addNamed [ 'grunt-contrib-less', '0.8.3' ]
361 verbose addNamed [ '0.8.3', '0.8.3' ]
362 silly lockFile 3a6bd8e5-grunt-contrib-less-0-8-3 grunt-contrib-less@0.8.3
363 verbose lock grunt-contrib-less@0.8.3 /home/travis/.npm/3a6bd8e5-grunt-contrib-less-0-8-3.lock
364 silly lockFile 8c8c2351-ess-grunt-contrib-less-0-8-3-tgz https://registry.npmjs.org/grunt-contrib-less/-/grunt-contrib-less-0.8.3.tgz
365 verbose lock https://registry.npmjs.org/grunt-contrib-less/-/grunt-contrib-less-0.8.3.tgz /home/travis/.npm/8c8c2351-ess-grunt-contrib-less-0-8-3-tgz.lock
366 silly addNameRange number 2 { name: 'grunt-contrib-connect',
366 silly addNameRange   range: '>=0.5.0-0 <0.6.0-0',
366 silly addNameRange   hasData: true }
367 silly addNameRange versions [ 'grunt-contrib-connect',
367 silly addNameRange   [ '0.1.0',
367 silly addNameRange     '0.1.1',
367 silly addNameRange     '0.1.2',
367 silly addNameRange     '0.2.0',
367 silly addNameRange     '0.3.0',
367 silly addNameRange     '0.4.0',
367 silly addNameRange     '0.4.1',
367 silly addNameRange     '0.4.2',
367 silly addNameRange     '0.5.0',
367 silly addNameRange     '0.1.1-rc6' ] ]
368 verbose addNamed [ 'grunt-contrib-connect', '0.5.0' ]
369 verbose addNamed [ '0.5.0', '0.5.0' ]
370 silly lockFile 524c2b14-grunt-contrib-connect-0-5-0 grunt-contrib-connect@0.5.0
371 verbose lock grunt-contrib-connect@0.5.0 /home/travis/.npm/524c2b14-grunt-contrib-connect-0-5-0.lock
372 http 200 https://registry.npmjs.org/grunt-contrib-copy
373 silly registry.get cb [ 200,
373 silly registry.get   { vary: 'Accept',
373 silly registry.get     server: 'CouchDB/1.5.0 (Erlang OTP/R15B03)',
373 silly registry.get     etag: '"CHJSYJ1J0LYVELSYZBPG8JR58"',
373 silly registry.get     date: 'Mon, 16 Dec 2013 20:04:32 GMT',
373 silly registry.get     'content-type': 'application/json',
373 silly registry.get     'content-length': '56632' } ]
374 verbose addRemoteTarball [ 'https://registry.npmjs.org/grunt-contrib-less/-/grunt-contrib-less-0.8.3.tgz',
374 verbose addRemoteTarball   '8a0e9183577339ad08729f57a9a4adeff6c41410' ]
375 info retry fetch attempt 1 at 20:04:32
376 verbose fetch to= /home/travis/tmp/npm-1348-qi6AZvBu/1387224272156-0.9880444838199764/tmp.tgz
377 http 200 https://registry.npmjs.org/grunt-contrib-cssmin
378 silly registry.get cb [ 200,
378 silly registry.get   { vary: 'Accept',
378 silly registry.get     server: 'CouchDB/1.5.0 (Erlang OTP/R15B03)',
378 silly registry.get     etag: '"7LY4RNU57D035CCXMLV1BX44I"',
378 silly registry.get     date: 'Mon, 16 Dec 2013 20:04:32 GMT',
378 silly registry.get     'content-type': 'application/json',
378 silly registry.get     'content-length': '45854' } ]
379 silly lockFile 34a49aba--grunt-contrib-connect-0-5-0-tgz https://registry.npmjs.org/grunt-contrib-connect/-/grunt-contrib-connect-0.5.0.tgz
380 verbose lock https://registry.npmjs.org/grunt-contrib-connect/-/grunt-contrib-connect-0.5.0.tgz /home/travis/.npm/34a49aba--grunt-contrib-connect-0-5-0-tgz.lock
381 http GET https://registry.npmjs.org/grunt-contrib-less/-/grunt-contrib-less-0.8.3.tgz
382 verbose addRemoteTarball [ 'https://registry.npmjs.org/grunt-contrib-connect/-/grunt-contrib-connect-0.5.0.tgz',
382 verbose addRemoteTarball   '0330be3724e3eeef438578b26308cad302f5fa63' ]
383 info retry fetch attempt 1 at 20:04:32
384 verbose fetch to= /home/travis/tmp/npm-1348-qi6AZvBu/1387224272173-0.36506276158615947/tmp.tgz
385 http GET https://registry.npmjs.org/grunt-contrib-connect/-/grunt-contrib-connect-0.5.0.tgz
386 silly addNameRange number 2 { name: 'grunt-contrib-copy',
386 silly addNameRange   range: '>=0.4.0-0 <0.5.0-0',
386 silly addNameRange   hasData: true }
387 silly addNameRange versions [ 'grunt-contrib-copy',
387 silly addNameRange   [ '0.2.0',
387 silly addNameRange     '0.2.1',
387 silly addNameRange     '0.2.2',
387 silly addNameRange     '0.2.3',
387 silly addNameRange     '0.2.4',
387 silly addNameRange     '0.3.0',
387 silly addNameRange     '0.3.1',
387 silly addNameRange     '0.3.2',
387 silly addNameRange     '0.4.0',
387 silly addNameRange     '0.4.1',
387 silly addNameRange     '0.4.0-rc7' ] ]
388 verbose addNamed [ 'grunt-contrib-copy', '0.4.1' ]
389 verbose addNamed [ '0.4.1', '0.4.1' ]
390 silly lockFile 4dbab511-grunt-contrib-copy-0-4-1 grunt-contrib-copy@0.4.1
391 verbose lock grunt-contrib-copy@0.4.1 /home/travis/.npm/4dbab511-grunt-contrib-copy-0-4-1.lock
392 silly addNameRange number 2 { name: 'grunt-contrib-cssmin',
392 silly addNameRange   range: '>=0.7.0-0 <0.8.0-0',
392 silly addNameRange   hasData: true }
393 silly addNameRange versions [ 'grunt-contrib-cssmin',
393 silly addNameRange   [ '0.4.0',
393 silly addNameRange     '0.4.1',
393 silly addNameRange     '0.4.2',
393 silly addNameRange     '0.5.0',
393 silly addNameRange     '0.6.0',
393 silly addNameRange     '0.6.1',
393 silly addNameRange     '0.6.2',
393 silly addNameRange     '0.7.0' ] ]
394 verbose addNamed [ 'grunt-contrib-cssmin', '0.7.0' ]
395 verbose addNamed [ '0.7.0', '0.7.0' ]
396 silly lockFile e32996d4-grunt-contrib-cssmin-0-7-0 grunt-contrib-cssmin@0.7.0
397 verbose lock grunt-contrib-cssmin@0.7.0 /home/travis/.npm/e32996d4-grunt-contrib-cssmin-0-7-0.lock
398 silly lockFile 52435995-opy-grunt-contrib-copy-0-4-1-tgz https://registry.npmjs.org/grunt-contrib-copy/-/grunt-contrib-copy-0.4.1.tgz
399 verbose lock https://registry.npmjs.org/grunt-contrib-copy/-/grunt-contrib-copy-0.4.1.tgz /home/travis/.npm/52435995-opy-grunt-contrib-copy-0-4-1-tgz.lock
400 silly lockFile 702d227c-n-grunt-contrib-cssmin-0-7-0-tgz https://registry.npmjs.org/grunt-contrib-cssmin/-/grunt-contrib-cssmin-0.7.0.tgz
401 verbose lock https://registry.npmjs.org/grunt-contrib-cssmin/-/grunt-contrib-cssmin-0.7.0.tgz /home/travis/.npm/702d227c-n-grunt-contrib-cssmin-0-7-0-tgz.lock
402 verbose addRemoteTarball [ 'https://registry.npmjs.org/grunt-contrib-copy/-/grunt-contrib-copy-0.4.1.tgz',
402 verbose addRemoteTarball   'f0753b40ae21bb706daefb0b299e03cdf5fa9d6e' ]
403 http 200 https://registry.npmjs.org/grunt-contrib-htmlmin
404 silly registry.get cb [ 200,
404 silly registry.get   { vary: 'Accept',
404 silly registry.get     server: 'CouchDB/1.3.1 (Erlang OTP/R15B03)',
404 silly registry.get     etag: '"3WMNCD5URBZK3DHN6FQ58RT89"',
404 silly registry.get     date: 'Mon, 16 Dec 2013 20:04:32 GMT',
404 silly registry.get     'content-type': 'application/json',
404 silly registry.get     'content-length': '13431' } ]
405 verbose addRemoteTarball [ 'https://registry.npmjs.org/grunt-contrib-cssmin/-/grunt-contrib-cssmin-0.7.0.tgz',
405 verbose addRemoteTarball   'a5735e9f1d263149e49fe035294e429d8c670bab' ]
406 info retry fetch attempt 1 at 20:04:32
407 verbose fetch to= /home/travis/tmp/npm-1348-qi6AZvBu/1387224272183-0.25884427945129573/tmp.tgz
408 info retry fetch attempt 1 at 20:04:32
409 verbose fetch to= /home/travis/tmp/npm-1348-qi6AZvBu/1387224272183-0.8437811827752739/tmp.tgz
410 http GET https://registry.npmjs.org/grunt-contrib-copy/-/grunt-contrib-copy-0.4.1.tgz
411 http GET https://registry.npmjs.org/grunt-contrib-cssmin/-/grunt-contrib-cssmin-0.7.0.tgz
412 silly addNameRange number 2 { name: 'grunt-contrib-htmlmin',
412 silly addNameRange   range: '>=0.1.3-0 <0.2.0-0',
412 silly addNameRange   hasData: true }
413 silly addNameRange versions [ 'grunt-contrib-htmlmin',
413 silly addNameRange   [ '0.1.0', '0.1.1', '0.1.2', '0.1.3', '0.1.1-rc7' ] ]
414 verbose addNamed [ 'grunt-contrib-htmlmin', '0.1.3' ]
415 verbose addNamed [ '0.1.3', '0.1.3' ]
416 silly lockFile 613772ee-grunt-contrib-htmlmin-0-1-3 grunt-contrib-htmlmin@0.1.3
417 verbose lock grunt-contrib-htmlmin@0.1.3 /home/travis/.npm/613772ee-grunt-contrib-htmlmin-0-1-3.lock
418 silly lockFile f576e5af--grunt-contrib-htmlmin-0-1-3-tgz https://registry.npmjs.org/grunt-contrib-htmlmin/-/grunt-contrib-htmlmin-0.1.3.tgz
419 verbose lock https://registry.npmjs.org/grunt-contrib-htmlmin/-/grunt-contrib-htmlmin-0.1.3.tgz /home/travis/.npm/f576e5af--grunt-contrib-htmlmin-0-1-3-tgz.lock
420 verbose addRemoteTarball [ 'https://registry.npmjs.org/grunt-contrib-htmlmin/-/grunt-contrib-htmlmin-0.1.3.tgz',
420 verbose addRemoteTarball   '410deb7f2905402c1034b92e7d3cce4a8cc0246e' ]
421 info retry fetch attempt 1 at 20:04:32
422 verbose fetch to= /home/travis/tmp/npm-1348-qi6AZvBu/1387224272190-0.8173809805884957/tmp.tgz
423 http GET https://registry.npmjs.org/grunt-contrib-htmlmin/-/grunt-contrib-htmlmin-0.1.3.tgz
424 http 200 https://registry.npmjs.org/grunt-contrib-imagemin
425 silly registry.get cb [ 200,
425 silly registry.get   { vary: 'Accept',
425 silly registry.get     server: 'CouchDB/1.3.1 (Erlang OTP/R15B03)',
425 silly registry.get     etag: '"687CKT0MP6EJM3EDMF110LRYT"',
425 silly registry.get     date: 'Mon, 16 Dec 2013 20:04:32 GMT',
425 silly registry.get     'content-type': 'application/json',
425 silly registry.get     'content-length': '41857' } ]
426 silly addNameRange number 2 { name: 'grunt-contrib-imagemin',
426 silly addNameRange   range: '>=0.4.0-0 <0.5.0-0',
426 silly addNameRange   hasData: true }
427 silly addNameRange versions [ 'grunt-contrib-imagemin',
427 silly addNameRange   [ '0.1.0',
427 silly addNameRange     '0.1.1',
427 silly addNameRange     '0.1.2',
427 silly addNameRange     '0.1.3',
427 silly addNameRange     '0.1.4',
427 silly addNameRange     '0.1.1-rc7',
427 silly addNameRange     '0.1.1-rc8',
427 silly addNameRange     '0.2.0',
427 silly addNameRange     '0.2.1',
427 silly addNameRange     '0.3.0',
427 silly addNameRange     '0.4.0' ] ]
428 verbose addNamed [ 'grunt-contrib-imagemin', '0.4.0' ]
429 verbose addNamed [ '0.4.0', '0.4.0' ]
430 silly lockFile 12d0316f-grunt-contrib-imagemin-0-4-0 grunt-contrib-imagemin@0.4.0
431 verbose lock grunt-contrib-imagemin@0.4.0 /home/travis/.npm/12d0316f-grunt-contrib-imagemin-0-4-0.lock
432 silly lockFile 90469929-grunt-contrib-imagemin-0-4-0-tgz https://registry.npmjs.org/grunt-contrib-imagemin/-/grunt-contrib-imagemin-0.4.0.tgz
433 verbose lock https://registry.npmjs.org/grunt-contrib-imagemin/-/grunt-contrib-imagemin-0.4.0.tgz /home/travis/.npm/90469929-grunt-contrib-imagemin-0-4-0-tgz.lock
434 verbose addRemoteTarball [ 'https://registry.npmjs.org/grunt-contrib-imagemin/-/grunt-contrib-imagemin-0.4.0.tgz',
434 verbose addRemoteTarball   'f15081f187efda6119bb61e7b6c3e7ca0867c267' ]
435 info retry fetch attempt 1 at 20:04:32
436 verbose fetch to= /home/travis/tmp/npm-1348-qi6AZvBu/1387224272229-0.24262113496661186/tmp.tgz
437 http GET https://registry.npmjs.org/grunt-contrib-imagemin/-/grunt-contrib-imagemin-0.4.0.tgz
438 http 200 https://registry.npmjs.org/grunt-contrib-requirejs
439 silly registry.get cb [ 200,
439 silly registry.get   { vary: 'Accept',
439 silly registry.get     server: 'CouchDB/1.5.0 (Erlang OTP/R15B03)',
439 silly registry.get     etag: '"99KR4FD2F5LVG0BVTJ3GXH2ZN"',
439 silly registry.get     date: 'Mon, 16 Dec 2013 20:04:32 GMT',
439 silly registry.get     'content-type': 'application/json',
439 silly registry.get     'content-length': '33593' } ]
440 http 200 https://registry.npmjs.org/grunt-open
441 silly registry.get cb [ 200,
441 silly registry.get   { vary: 'Accept',
441 silly registry.get     server: 'CouchDB/1.3.1 (Erlang OTP/R15B03)',
441 silly registry.get     etag: '"C21P9VQ6NN8TOXPZAI0J95HH"',
441 silly registry.get     date: 'Mon, 16 Dec 2013 20:04:32 GMT',
441 silly registry.get     'content-type': 'application/json',
441 silly registry.get     'content-length': '12465' } ]
442 http 200 https://registry.npmjs.org/grunt-contrib-uglify
443 silly registry.get cb [ 200,
443 silly registry.get   { vary: 'Accept',
443 silly registry.get     server: 'CouchDB/1.3.1 (Erlang OTP/R15B03)',
443 silly registry.get     etag: '"8SVBCRFHXL2MPBW8EHXA1TVZ7"',
443 silly registry.get     date: 'Mon, 16 Dec 2013 20:04:32 GMT',
443 silly registry.get     'content-type': 'application/json',
443 silly registry.get     'content-length': '165071' } ]
444 silly addNameRange number 2 { name: 'grunt-contrib-requirejs',
444 silly addNameRange   range: '>=0.4.1-0 <0.5.0-0',
444 silly addNameRange   hasData: true }
445 silly addNameRange versions [ 'grunt-contrib-requirejs',
445 silly addNameRange   [ '0.1.0',
445 silly addNameRange     '0.2.0',
445 silly addNameRange     '0.3.0',
445 silly addNameRange     '0.3.2',
445 silly addNameRange     '0.3.3',
445 silly addNameRange     '0.3.4',
445 silly addNameRange     '0.4.0',
445 silly addNameRange     '0.4.1',
445 silly addNameRange     '0.4.0-rc7' ] ]
446 verbose addNamed [ 'grunt-contrib-requirejs', '0.4.1' ]
447 verbose addNamed [ '0.4.1', '0.4.1' ]
448 silly lockFile 5da43736-grunt-contrib-requirejs-0-4-1 grunt-contrib-requirejs@0.4.1
449 verbose lock grunt-contrib-requirejs@0.4.1 /home/travis/.npm/5da43736-grunt-contrib-requirejs-0-4-1.lock
450 silly addNameRange number 2 { name: 'grunt-open',
450 silly addNameRange   range: '>=0.2.0-0 <0.3.0-0',
450 silly addNameRange   hasData: true }
451 silly addNameRange versions [ 'grunt-open', [ '0.1.0', '0.2.0', '0.2.1', '0.2.2' ] ]
452 verbose addNamed [ 'grunt-open', '0.2.2' ]
453 verbose addNamed [ '0.2.2', '0.2.2' ]
454 silly lockFile 0a947672-grunt-open-0-2-2 grunt-open@0.2.2
455 verbose lock grunt-open@0.2.2 /home/travis/.npm/0a947672-grunt-open-0-2-2.lock
456 silly lockFile ef8644c4-runt-contrib-requirejs-0-4-1-tgz https://registry.npmjs.org/grunt-contrib-requirejs/-/grunt-contrib-requirejs-0.4.1.tgz
457 verbose lock https://registry.npmjs.org/grunt-contrib-requirejs/-/grunt-contrib-requirejs-0.4.1.tgz /home/travis/.npm/ef8644c4-runt-contrib-requirejs-0-4-1-tgz.lock
458 silly lockFile b7fca17f--grunt-open-grunt-open-0-2-2-tgz https://registry.npmjs.org/grunt-open/-/grunt-open-0.2.2.tgz
459 verbose lock https://registry.npmjs.org/grunt-open/-/grunt-open-0.2.2.tgz /home/travis/.npm/b7fca17f--grunt-open-grunt-open-0-2-2-tgz.lock
460 verbose addRemoteTarball [ 'https://registry.npmjs.org/grunt-contrib-requirejs/-/grunt-contrib-requirejs-0.4.1.tgz',
460 verbose addRemoteTarball   '862ba167141b8a8f36af5444feab3272bb8cf4bd' ]
461 silly addNameRange number 2 { name: 'grunt-contrib-uglify',
461 silly addNameRange   range: '>=0.2.4-0 <0.3.0-0',
461 silly addNameRange   hasData: true }
462 silly addNameRange versions [ 'grunt-contrib-uglify',
462 silly addNameRange   [ '0.1.0',
462 silly addNameRange     '0.1.1',
462 silly addNameRange     '0.1.2',
462 silly addNameRange     '0.2.0',
462 silly addNameRange     '0.2.1',
462 silly addNameRange     '0.2.2',
462 silly addNameRange     '0.2.3',
462 silly addNameRange     '0.2.4',
462 silly addNameRange     '0.2.5',
462 silly addNameRange     '0.2.6',
462 silly addNameRange     '0.2.7',
462 silly addNameRange     '0.1.1-rc5',
462 silly addNameRange     '0.1.1-rc6' ] ]
463 verbose addNamed [ 'grunt-contrib-uglify', '0.2.7' ]
464 verbose addNamed [ '0.2.7', '0.2.7' ]
465 silly lockFile 480328f6-grunt-contrib-uglify-0-2-7 grunt-contrib-uglify@0.2.7
466 verbose lock grunt-contrib-uglify@0.2.7 /home/travis/.npm/480328f6-grunt-contrib-uglify-0-2-7.lock
467 info retry fetch attempt 1 at 20:04:32
468 verbose fetch to= /home/travis/tmp/npm-1348-qi6AZvBu/1387224272286-0.3422094255220145/tmp.tgz
469 verbose addRemoteTarball [ 'https://registry.npmjs.org/grunt-open/-/grunt-open-0.2.2.tgz',
469 verbose addRemoteTarball   'a9d43e6d1533dd33766754f941d01833fe03e3c8' ]
470 info retry fetch attempt 1 at 20:04:32
471 verbose fetch to= /home/travis/tmp/npm-1348-qi6AZvBu/1387224272291-0.024312307592481375/tmp.tgz
472 http GET https://registry.npmjs.org/grunt-contrib-requirejs/-/grunt-contrib-requirejs-0.4.1.tgz
473 silly lockFile 90f282d3-y-grunt-contrib-uglify-0-2-7-tgz https://registry.npmjs.org/grunt-contrib-uglify/-/grunt-contrib-uglify-0.2.7.tgz
474 verbose lock https://registry.npmjs.org/grunt-contrib-uglify/-/grunt-contrib-uglify-0.2.7.tgz /home/travis/.npm/90f282d3-y-grunt-contrib-uglify-0-2-7-tgz.lock
475 http GET https://registry.npmjs.org/grunt-open/-/grunt-open-0.2.2.tgz
476 verbose addRemoteTarball [ 'https://registry.npmjs.org/grunt-contrib-uglify/-/grunt-contrib-uglify-0.2.7.tgz',
476 verbose addRemoteTarball   'e6bda51e0c40a1459f6cead423c65efd725a1bf7' ]
477 info retry fetch attempt 1 at 20:04:32
478 verbose fetch to= /home/travis/tmp/npm-1348-qi6AZvBu/1387224272293-0.8435893838759512/tmp.tgz
479 http GET https://registry.npmjs.org/grunt-contrib-uglify/-/grunt-contrib-uglify-0.2.7.tgz
480 http 200 https://registry.npmjs.org/grunt-contrib-clean/-/grunt-contrib-clean-0.5.0.tgz
481 http 304 https://registry.npmjs.org/path
482 silly registry.get cb [ 304,
482 silly registry.get   { server: 'CouchDB/1.3.1 (Erlang OTP/R15B03)',
482 silly registry.get     etag: '"784HMOBI4WVA0WFW99050YXT3"',
482 silly registry.get     date: 'Mon, 16 Dec 2013 20:04:32 GMT',
482 silly registry.get     'content-length': '0' } ]
483 verbose etag path from cache
484 silly addNameRange number 2 { name: 'path', range: '>=0.4.9-0 <0.5.0-0', hasData: true }
485 silly addNameRange versions [ 'path', [ '0.4.9' ] ]
486 verbose addNamed [ 'path', '0.4.9' ]
487 verbose addNamed [ '0.4.9', '0.4.9' ]
488 silly lockFile f9561765-path-0-4-9 path@0.4.9
489 verbose lock path@0.4.9 /home/travis/.npm/f9561765-path-0-4-9.lock
490 silly lockFile f9561765-path-0-4-9 path@0.4.9
491 silly lockFile f9561765-path-0-4-9 path@0.4.9
492 silly lockFile dcf59ca8-path-0-4-9 path@~0.4.9
493 silly lockFile dcf59ca8-path-0-4-9 path@~0.4.9
494 verbose tar unpack /home/travis/tmp/npm-1348-qi6AZvBu/1387224271992-0.40604277211241424/tmp.tgz
495 silly lockFile c92b18c8-1992-0-40604277211241424-package tar:///home/travis/tmp/npm-1348-qi6AZvBu/1387224271992-0.40604277211241424/package
496 verbose lock tar:///home/travis/tmp/npm-1348-qi6AZvBu/1387224271992-0.40604277211241424/package /home/travis/.npm/c92b18c8-1992-0-40604277211241424-package.lock
497 silly lockFile 1eff7f53-1992-0-40604277211241424-tmp-tgz tar:///home/travis/tmp/npm-1348-qi6AZvBu/1387224271992-0.40604277211241424/tmp.tgz
498 verbose lock tar:///home/travis/tmp/npm-1348-qi6AZvBu/1387224271992-0.40604277211241424/tmp.tgz /home/travis/.npm/1eff7f53-1992-0-40604277211241424-tmp-tgz.lock
499 silly gunzTarPerm modes [ '755', '644' ]
500 http 200 https://registry.npmjs.org/grunt-contrib-watch
501 silly registry.get cb [ 200,
501 silly registry.get   { vary: 'Accept',
501 silly registry.get     server: 'CouchDB/1.5.0 (Erlang OTP/R15B03)',
501 silly registry.get     etag: '"25YLATRNMJWX3MB0DPDBI39H4"',
501 silly registry.get     date: 'Mon, 16 Dec 2013 20:04:32 GMT',
501 silly registry.get     'content-type': 'application/json',
501 silly registry.get     'content-length': '241422' } ]
502 http 200 https://registry.npmjs.org/grunt-usemin
503 silly registry.get cb [ 200,
503 silly registry.get   { vary: 'Accept',
503 silly registry.get     server: 'CouchDB/1.3.1 (Erlang OTP/R15B03)',
503 silly registry.get     etag: '"BPGVUQHHVY74CL1MAK91VLPEB"',
503 silly registry.get     date: 'Mon, 16 Dec 2013 20:04:32 GMT',
503 silly registry.get     'content-type': 'application/json',
503 silly registry.get     'content-length': '132317' } ]
504 silly gunzTarPerm extractEntry package.json
505 http 200 https://registry.npmjs.org/connect-livereload
506 silly registry.get cb [ 200,
506 silly registry.get   { vary: 'Accept',
506 silly registry.get     server: 'CouchDB/1.3.1 (Erlang OTP/R15B03)',
506 silly registry.get     etag: '"E2LT1UMU8A6GFYS8X2BRIKSU7"',
506 silly registry.get     date: 'Mon, 16 Dec 2013 20:04:32 GMT',
506 silly registry.get     'content-type': 'application/json',
506 silly registry.get     'content-length': '33246' } ]
507 silly gunzTarPerm extractEntry .npmignore
508 silly gunzTarPerm extractEntry README.md
509 http 200 https://registry.npmjs.org/grunt-contrib-concat/-/grunt-contrib-concat-0.3.0.tgz
510 silly addNameRange number 2 { name: 'grunt-contrib-watch',
510 silly addNameRange   range: '>=0.5.3-0 <0.6.0-0',
510 silly addNameRange   hasData: true }
511 silly addNameRange versions [ 'grunt-contrib-watch',
511 silly addNameRange   [ '0.1.0',
511 silly addNameRange     '0.1.1',
511 silly addNameRange     '0.1.2',
511 silly addNameRange     '0.1.3',
511 silly addNameRange     '0.1.4',
511 silly addNameRange     '0.2.0',
511 silly addNameRange     '0.3.0',
511 silly addNameRange     '0.3.1',
511 silly addNameRange     '0.4.0',
511 silly addNameRange     '0.4.1',
511 silly addNameRange     '0.4.2',
511 silly addNameRange     '0.4.3',
511 silly addNameRange     '0.4.4',
511 silly addNameRange     '0.5.0',
511 silly addNameRange     '0.5.1',
511 silly addNameRange     '0.5.2',
511 silly addNameRange     '0.5.3',
511 silly addNameRange     '0.2.0-a',
511 silly addNameRange     '0.2.0-rc5',
511 silly addNameRange     '0.2.0-rc7' ] ]
512 verbose addNamed [ 'grunt-contrib-watch', '0.5.3' ]
513 verbose addNamed [ '0.5.3', '0.5.3' ]
514 silly lockFile d70d7cec-grunt-contrib-watch-0-5-3 grunt-contrib-watch@0.5.3
515 verbose lock grunt-contrib-watch@0.5.3 /home/travis/.npm/d70d7cec-grunt-contrib-watch-0-5-3.lock
516 silly addNameRange number 2 { name: 'grunt-usemin',
516 silly addNameRange   range: '>=0.2.0-0 <0.3.0-0',
516 silly addNameRange   hasData: true }
517 silly addNameRange versions [ 'grunt-usemin',
517 silly addNameRange   [ '0.1.0',
517 silly addNameRange     '0.1.1',
517 silly addNameRange     '0.1.2',
517 silly addNameRange     '0.1.5',
517 silly addNameRange     '0.1.6',
517 silly addNameRange     '0.1.7',
517 silly addNameRange     '0.1.8',
517 silly addNameRange     '0.1.9',
517 silly addNameRange     '0.1.4',
517 silly addNameRange     '0.1.10',
517 silly addNameRange     '0.1.11',
517 silly addNameRange     '0.1.12',
517 silly addNameRange     '0.1.13',
517 silly addNameRange     '2.0.0',
517 silly addNameRange     '2.0.1',
517 silly addNameRange     '2.0.2' ] ]
518 silly lockFile 9fa213f1-grunt-usemin-0-2-0 grunt-usemin@~0.2.0
519 silly lockFile 9fa213f1-grunt-usemin-0-2-0 grunt-usemin@~0.2.0
520 http 304 https://registry.npmjs.org/grunt
521 silly registry.get cb [ 304,
521 silly registry.get   { server: 'CouchDB/1.3.1 (Erlang OTP/R15B03)',
521 silly registry.get     etag: '"3YLLF7LCAIC1A6MIZCDE3Z7QX"',
521 silly registry.get     date: 'Mon, 16 Dec 2013 20:04:32 GMT',
521 silly registry.get     'content-length': '0' } ]
522 verbose etag grunt from cache
523 error notarget No compatible version found: grunt-usemin@'>=0.2.0-0 <0.3.0-0'
523 error notarget Valid install targets:
523 error notarget ["0.1.0","0.1.1","0.1.2","0.1.5","0.1.6","0.1.7","0.1.8","0.1.9","0.1.4","0.1.10","0.1.11","0.1.12","0.1.13","2.0.0","2.0.1","2.0.2"]
523 error notarget
523 error notarget This is most likely not a problem with npm itself.
523 error notarget In most cases you or one of your dependencies are requesting
523 error notarget a package version that doesn't exist.
524 error System Linux 2.6.32-042stab079.5
525 error command "/home/travis/.nvm/v0.10.22/bin/node" "/home/travis/.nvm/v0.10.22/bin/npm" "install"
526 error cwd /home/travis/build/mazerte/test-footguard
527 error node -v v0.10.22
528 error npm -v 1.3.14
529 error code ETARGET
530 verbose exit [ 1, true ]
